<?xml version="1.0" encoding="UTF-8"?>
<testsuite xmlns:xsi="http://www.w3.org/2001/XMLSchema-instance" xsi:noNamespaceSchemaLocation="https://maven.apache.org/surefire/maven-surefire-plugin/xsd/surefire-test-report.xsd" version="3.0.2" name="alertas.service.AlertServiceTest" time="0.344" tests="3" errors="0" skipped="0" failures="0" flakes="0">
  <properties>
[...]
</properties>
  <testcase name="obtenerPorId_DeberiaLanzarNotFound_CuandoNoExiste" classname="alertas.service.AlertServiceTest" time="0.32"/>
  <testcase name="obtenerTodas_DeberiaRetornarListaConMercancias" classname="alertas.service.AlertServiceTest" time="0.008"/>
  <testcase name="guardar_DeberiaRetornarAlertaEnriquecida" classname="alertas.service.AlertServiceTest" time="0.014"/>
</testsuite>